[0.257s] DEBUG:colcon:Command line arguments: ['/usr/bin/colcon', 'build', '--symlink-install']
[0.257s] DEBUG:colcon:Parsed command line arguments: Namespace(log_base=None, log_level=None, verb_name='build', build_base='build', install_base='install', merge_install=False, symlink_install=True, test_result_base=None, continue_on_error=False, executor='parallel', parallel_workers=12, event_handlers=None, ignore_user_meta=False, metas=['./colcon.meta'], base_paths=['.'], packages_ignore=None, packages_ignore_regex=None, paths=None, packages_up_to=None, packages_up_to_regex=None, packages_above=None, packages_above_and_dependencies=None, packages_above_depth=None, packages_select_by_dep=None, packages_skip_by_dep=None, packages_skip_up_to=None, packages_select_build_failed=False, packages_skip_build_finished=False, packages_select_test_failures=False, packages_skip_test_passed=False, packages_select=None, packages_skip=None, packages_select_regex=None, packages_skip_regex=None, packages_start=None, packages_end=None, cmake_args=None, cmake_target=None, cmake_target_skip_unavailable=False, cmake_clean_cache=False, cmake_clean_first=False, cmake_force_configure=False, ament_cmake_args=None, catkin_cmake_args=None, catkin_skip_building_tests=False, mixin_files=None, mixin=None, verb_parser=<colcon_mixin.mixin.mixin_argument.MixinArgumentDecorator object at 0x7366ae6d8fd0>, verb_extension=<colcon_core.verb.build.BuildVerb object at 0x7366ae6d8b20>, main=<bound method BuildVerb.main of <colcon_core.verb.build.BuildVerb object at 0x7366ae6d8b20>>, mixin_verb=('build',))
[0.324s] Level 1:colcon.colcon_core.package_discovery:discover_packages(colcon_meta) check parameters
[0.326s] INFO:colcon.colcon_metadata.package_discovery.colcon_meta:Using configuration from '/root/.colcon/metadata/default/Gazebo.meta'
[0.326s] INFO:colcon.colcon_metadata.package_discovery.colcon_meta:Using configuration from '/root/.colcon/metadata/default/fastdds.meta'
[0.327s] INFO:colcon.colcon_metadata.package_discovery.colcon_meta:Using configuration from '/root/.colcon/metadata/default/fastrtps.meta'
[0.327s] Level 1:colcon.colcon_core.package_discovery:discover_packages(recursive) check parameters
[0.327s] Level 1:colcon.colcon_core.package_discovery:discover_packages(ignore) check parameters
[0.327s] Level 1:colcon.colcon_core.package_discovery:discover_packages(path) check parameters
[0.327s] Level 1:colcon.colcon_core.package_discovery:discover_packages(colcon_meta) discover
[0.327s] Level 1:colcon.colcon_core.package_discovery:discover_packages(recursive) discover
[0.327s] INFO:colcon.colcon_core.package_discovery:Crawling recursively for packages in '/root/ros2_offboard'
[0.327s] Level 1:colcon.colcon_core.package_identification:_identify(.) by extensions ['ignore', 'ignore_ament_install']
[0.327s] Level 1:colcon.colcon_core.package_identification:_identify(.) by extension 'ignore'
[0.327s] Level 1:colcon.colcon_core.package_identification:_identify(.) by extension 'ignore_ament_install'
[0.327s] Level 1:colcon.colcon_core.package_identification:_identify(.) by extensions ['colcon_pkg']
[0.327s] Level 1:colcon.colcon_core.package_identification:_identify(.) by extension 'colcon_pkg'
[0.327s] Level 1:colcon.colcon_core.package_identification:_identify(.) by extensions ['colcon_meta']
[0.327s] Level 1:colcon.colcon_core.package_identification:_identify(.) by extension 'colcon_meta'
[0.327s] Level 1:colcon.colcon_core.package_identification:_identify(.) by extensions ['ros']
[0.327s] Level 1:colcon.colcon_core.package_identification:_identify(.) by extension 'ros'
[0.344s] Level 1:colcon.colcon_core.package_identification:_identify(.) by extensions ['cmake', 'python']
[0.344s] Level 1:colcon.colcon_core.package_identification:_identify(.) by extension 'cmake'
[0.344s] Level 1:colcon.colcon_core.package_identification:_identify(.) by extension 'python'
[0.345s] Level 1:colcon.colcon_core.package_identification:_identify(.) by extensions ['python_setup_py']
[0.345s] Level 1:colcon.colcon_core.package_identification:_identify(.) by extension 'python_setup_py'
[0.345s] Level 1:colcon.colcon_core.package_identification:_identify(build) by extensions ['ignore', 'ignore_ament_install']
[0.345s] Level 1:colcon.colcon_core.package_identification:_identify(build) by extension 'ignore'
[0.346s] Level 1:colcon.colcon_core.package_identification:_identify(build) ignored
[0.346s] Level 1:colcon.colcon_core.package_identification:_identify(install) by extensions ['ignore', 'ignore_ament_install']
[0.346s] Level 1:colcon.colcon_core.package_identification:_identify(install) by extension 'ignore'
[0.346s] Level 1:colcon.colcon_core.package_identification:_identify(install) ignored
[0.346s] Level 1:colcon.colcon_core.package_identification:_identify(log) by extensions ['ignore', 'ignore_ament_install']
[0.346s] Level 1:colcon.colcon_core.package_identification:_identify(log) by extension 'ignore'
[0.346s] Level 1:colcon.colcon_core.package_identification:_identify(log) ignored
[0.346s] Level 1:colcon.colcon_core.package_identification:_identify(src) by extensions ['ignore', 'ignore_ament_install']
[0.346s] Level 1:colcon.colcon_core.package_identification:_identify(src) by extension 'ignore'
[0.346s] Level 1:colcon.colcon_core.package_identification:_identify(src) by extension 'ignore_ament_install'
[0.346s] Level 1:colcon.colcon_core.package_identification:_identify(src) by extensions ['colcon_pkg']
[0.346s] Level 1:colcon.colcon_core.package_identification:_identify(src) by extension 'colcon_pkg'
[0.346s] Level 1:colcon.colcon_core.package_identification:_identify(src) by extensions ['colcon_meta']
[0.346s] Level 1:colcon.colcon_core.package_identification:_identify(src) by extension 'colcon_meta'
[0.347s] Level 1:colcon.colcon_core.package_identification:_identify(src) by extensions ['ros']
[0.347s] Level 1:colcon.colcon_core.package_identification:_identify(src) by extension 'ros'
[0.347s] Level 1:colcon.colcon_core.package_identification:_identify(src) by extensions ['cmake', 'python']
[0.347s] Level 1:colcon.colcon_core.package_identification:_identify(src) by extension 'cmake'
[0.347s] Level 1:colcon.colcon_core.package_identification:_identify(src) by extension 'python'
[0.347s] Level 1:colcon.colcon_core.package_identification:_identify(src) by extensions ['python_setup_py']
[0.347s] Level 1:colcon.colcon_core.package_identification:_identify(src) by extension 'python_setup_py'
[0.347s] Level 1:colcon.colcon_core.package_identification:_identify(src/offboard_control) by extensions ['ignore', 'ignore_ament_install']
[0.347s] Level 1:colcon.colcon_core.package_identification:_identify(src/offboard_control) by extension 'ignore'
[0.347s] Level 1:colcon.colcon_core.package_identification:_identify(src/offboard_control) by extension 'ignore_ament_install'
[0.347s] Level 1:colcon.colcon_core.package_identification:_identify(src/offboard_control) by extensions ['colcon_pkg']
[0.347s] Level 1:colcon.colcon_core.package_identification:_identify(src/offboard_control) by extension 'colcon_pkg'
[0.347s] Level 1:colcon.colcon_core.package_identification:_identify(src/offboard_control) by extensions ['colcon_meta']
[0.347s] Level 1:colcon.colcon_core.package_identification:_identify(src/offboard_control) by extension 'colcon_meta'
[0.347s] Level 1:colcon.colcon_core.package_identification:_identify(src/offboard_control) by extensions ['ros']
[0.347s] Level 1:colcon.colcon_core.package_identification:_identify(src/offboard_control) by extension 'ros'
[0.351s] DEBUG:colcon.colcon_core.package_identification:Package 'src/offboard_control' with type 'ros.ament_python' and name 'offboard_control'
[0.351s] Level 1:colcon.colcon_core.package_identification:_identify(src/px4_msgs) by extensions ['ignore', 'ignore_ament_install']
[0.351s] Level 1:colcon.colcon_core.package_identification:_identify(src/px4_msgs) by extension 'ignore'
[0.351s] Level 1:colcon.colcon_core.package_identification:_identify(src/px4_msgs) by extension 'ignore_ament_install'
[0.351s] Level 1:colcon.colcon_core.package_identification:_identify(src/px4_msgs) by extensions ['colcon_pkg']
[0.351s] Level 1:colcon.colcon_core.package_identification:_identify(src/px4_msgs) by extension 'colcon_pkg'
[0.351s] Level 1:colcon.colcon_core.package_identification:_identify(src/px4_msgs) by extensions ['colcon_meta']
[0.351s] Level 1:colcon.colcon_core.package_identification:_identify(src/px4_msgs) by extension 'colcon_meta'
[0.351s] Level 1:colcon.colcon_core.package_identification:_identify(src/px4_msgs) by extensions ['ros']
[0.351s] Level 1:colcon.colcon_core.package_identification:_identify(src/px4_msgs) by extension 'ros'
[0.352s] DEBUG:colcon.colcon_core.package_identification:Package 'src/px4_msgs' with type 'ros.ament_cmake' and name 'px4_msgs'
[0.353s] Level 1:colcon.colcon_core.package_identification:_identify(src/px4_ros_com) by extensions ['ignore', 'ignore_ament_install']
[0.353s] Level 1:colcon.colcon_core.package_identification:_identify(src/px4_ros_com) by extension 'ignore'
[0.353s] Level 1:colcon.colcon_core.package_identification:_identify(src/px4_ros_com) by extension 'ignore_ament_install'
[0.353s] Level 1:colcon.colcon_core.package_identification:_identify(src/px4_ros_com) by extensions ['colcon_pkg']
[0.353s] Level 1:colcon.colcon_core.package_identification:_identify(src/px4_ros_com) by extension 'colcon_pkg'
[0.353s] Level 1:colcon.colcon_core.package_identification:_identify(src/px4_ros_com) by extensions ['colcon_meta']
[0.353s] Level 1:colcon.colcon_core.package_identification:_identify(src/px4_ros_com) by extension 'colcon_meta'
[0.353s] Level 1:colcon.colcon_core.package_identification:_identify(src/px4_ros_com) by extensions ['ros']
[0.353s] Level 1:colcon.colcon_core.package_identification:_identify(src/px4_ros_com) by extension 'ros'
[0.354s] Level 1:colcon.colcon_core.package_identification:_identify(src/px4_ros_com) by extensions ['cmake', 'python']
[0.354s] Level 1:colcon.colcon_core.package_identification:_identify(src/px4_ros_com) by extension 'cmake'
[0.354s] Level 1:colcon.colcon_core.package_identification:_identify(src/px4_ros_com) by extension 'python'
[0.354s] Level 1:colcon.colcon_core.package_identification:_identify(src/px4_ros_com) by extensions ['python_setup_py']
[0.354s] Level 1:colcon.colcon_core.package_identification:_identify(src/px4_ros_com) by extension 'python_setup_py'
[0.354s] Level 1:colcon.colcon_core.package_discovery:discover_packages(recursive) using defaults
[0.354s] Level 1:colcon.colcon_core.package_discovery:discover_packages(ignore) discover
[0.354s] Level 1:colcon.colcon_core.package_discovery:discover_packages(ignore) using defaults
[0.354s] Level 1:colcon.colcon_core.package_discovery:discover_packages(path) discover
[0.354s] Level 1:colcon.colcon_core.package_discovery:discover_packages(path) using defaults
[0.387s] Level 5:colcon.colcon_core.verb:set package 'offboard_control' build argument 'cmake_args' from command line to 'None'
[0.387s] Level 5:colcon.colcon_core.verb:set package 'offboard_control' build argument 'cmake_target' from command line to 'None'
[0.387s] Level 5:colcon.colcon_core.verb:set package 'offboard_control' build argument 'cmake_target_skip_unavailable' from command line to 'False'
[0.387s] Level 5:colcon.colcon_core.verb:set package 'offboard_control' build argument 'cmake_clean_cache' from command line to 'False'
[0.387s] Level 5:colcon.colcon_core.verb:set package 'offboard_control' build argument 'cmake_clean_first' from command line to 'False'
[0.387s] Level 5:colcon.colcon_core.verb:set package 'offboard_control' build argument 'cmake_force_configure' from command line to 'False'
[0.387s] Level 5:colcon.colcon_core.verb:set package 'offboard_control' build argument 'ament_cmake_args' from command line to 'None'
[0.387s] Level 5:colcon.colcon_core.verb:set package 'offboard_control' build argument 'catkin_cmake_args' from command line to 'None'
[0.387s] Level 5:colcon.colcon_core.verb:set package 'offboard_control' build argument 'catkin_skip_building_tests' from command line to 'False'
[0.387s] DEBUG:colcon.colcon_core.verb:Building package 'offboard_control' with the following arguments: {'ament_cmake_args': None, 'build_base': '/root/ros2_offboard/build/offboard_control', 'catkin_cmake_args': None, 'catkin_skip_building_tests': False, 'cmake_args': None, 'cmake_clean_cache': False, 'cmake_clean_first': False, 'cmake_force_configure': False, 'cmake_target': None, 'cmake_target_skip_unavailable': False, 'install_base': '/root/ros2_offboard/install/offboard_control', 'merge_install': False, 'path': '/root/ros2_offboard/src/offboard_control', 'symlink_install': True, 'test_result_base': None}
[0.387s] Level 5:colcon.colcon_core.verb:set package 'px4_msgs' build argument 'cmake_args' from command line to 'None'
[0.387s] Level 5:colcon.colcon_core.verb:set package 'px4_msgs' build argument 'cmake_target' from command line to 'None'
[0.387s] Level 5:colcon.colcon_core.verb:set package 'px4_msgs' build argument 'cmake_target_skip_unavailable' from command line to 'False'
[0.387s] Level 5:colcon.colcon_core.verb:set package 'px4_msgs' build argument 'cmake_clean_cache' from command line to 'False'
[0.387s] Level 5:colcon.colcon_core.verb:set package 'px4_msgs' build argument 'cmake_clean_first' from command line to 'False'
[0.387s] Level 5:colcon.colcon_core.verb:set package 'px4_msgs' build argument 'cmake_force_configure' from command line to 'False'
[0.388s] Level 5:colcon.colcon_core.verb:set package 'px4_msgs' build argument 'ament_cmake_args' from command line to 'None'
[0.388s] Level 5:colcon.colcon_core.verb:set package 'px4_msgs' build argument 'catkin_cmake_args' from command line to 'None'
[0.388s] Level 5:colcon.colcon_core.verb:set package 'px4_msgs' build argument 'catkin_skip_building_tests' from command line to 'False'
[0.388s] DEBUG:colcon.colcon_core.verb:Building package 'px4_msgs' with the following arguments: {'ament_cmake_args': None, 'build_base': '/root/ros2_offboard/build/px4_msgs', 'catkin_cmake_args': None, 'catkin_skip_building_tests': False, 'cmake_args': None, 'cmake_clean_cache': False, 'cmake_clean_first': False, 'cmake_force_configure': False, 'cmake_target': None, 'cmake_target_skip_unavailable': False, 'install_base': '/root/ros2_offboard/install/px4_msgs', 'merge_install': False, 'path': '/root/ros2_offboard/src/px4_msgs', 'symlink_install': True, 'test_result_base': None}
[0.388s] INFO:colcon.colcon_core.executor:Executing jobs using 'parallel' executor
[0.389s] DEBUG:colcon.colcon_parallel_executor.executor.parallel:run_until_complete
[0.389s] INFO:colcon.colcon_ros.task.ament_python.build:Building ROS package in '/root/ros2_offboard/src/offboard_control' with build type 'ament_python'
[0.390s] Level 1:colcon.colcon_core.shell:create_environment_hook('offboard_control', 'ament_prefix_path')
[0.396s] INFO:colcon.colcon_core.plugin_system:Skipping extension 'colcon_core.shell.bat': Not used on non-Windows systems
[0.396s] INFO:colcon.colcon_core.shell:Creating environment hook '/root/ros2_offboard/install/offboard_control/share/offboard_control/hook/ament_prefix_path.ps1'
[0.397s] INFO:colcon.colcon_core.shell:Creating environment descriptor '/root/ros2_offboard/install/offboard_control/share/offboard_control/hook/ament_prefix_path.dsv'
[0.398s] INFO:colcon.colcon_core.shell:Creating environment hook '/root/ros2_offboard/install/offboard_control/share/offboard_control/hook/ament_prefix_path.sh'
[0.399s] INFO:colcon.colcon_core.shell:Skip shell extension 'powershell' for command environment: Not usable outside of PowerShell
[0.399s] DEBUG:colcon.colcon_core.shell:Skip shell extension 'dsv' for command environment
[0.417s] INFO:colcon.colcon_ros.task.ament_cmake.build:Building ROS package in '/root/ros2_offboard/src/px4_msgs' with build type 'ament_cmake'
[0.417s] INFO:colcon.colcon_cmake.task.cmake.build:Building CMake package in '/root/ros2_offboard/src/px4_msgs'
[0.417s] INFO:colcon.colcon_core.shell:Skip shell extension 'powershell' for command environment: Not usable outside of PowerShell
[0.417s] DEBUG:colcon.colcon_core.shell:Skip shell extension 'dsv' for command environment
[0.570s] INFO:colcon.colcon_core.task.python.build:Building Python package in '/root/ros2_offboard/src/offboard_control'
[0.570s] INFO:colcon.colcon_core.shell:Skip shell extension 'powershell' for command environment: Not usable outside of PowerShell
[0.570s] DEBUG:colcon.colcon_core.shell:Skip shell extension 'dsv' for command environment
[0.578s] DEBUG:colcon.colcon_core.event_handler.log_command:Invoking command in '/root/ros2_offboard/build/px4_msgs': CMAKE_PREFIX_PATH=${CMAKE_PREFIX_PATH}:/root/ros2_offboard/install/offboard_control:/root/bridge_ws/install/gz_bridge_utilities:/opt/ros/humble /usr/bin/cmake --build /root/ros2_offboard/build/px4_msgs -- -j12 -l12
[1.074s] DEBUG:colcon.colcon_core.event_handler.log_command:Invoking command in '/root/ros2_offboard/build/offboard_control': PYTHONPATH=/root/ros2_offboard/build/offboard_control/prefix_override:/usr/lib/python3/dist-packages/colcon_core/task/python/colcon_distutils_commands:/root/ros2_offboard/install/offboard_control/lib/python3.10/site-packages:${PYTHONPATH} /usr/bin/python3 -W ignore:setup.py install is deprecated -W ignore:easy_install command is deprecated setup.py develop --editable --build-directory /root/ros2_offboard/build/offboard_control/build --no-deps symlink_data
[1.341s] Level 1:colcon.colcon_core.shell:create_environment_hook('offboard_control', 'pythonpath_develop')
[1.341s] INFO:colcon.colcon_core.shell:Creating environment hook '/root/ros2_offboard/build/offboard_control/share/offboard_control/hook/pythonpath_develop.ps1'
[1.342s] DEBUG:colcon.colcon_core.event_handler.log_command:Invoked command in '/root/ros2_offboard/build/offboard_control' returned '0': PYTHONPATH=/root/ros2_offboard/build/offboard_control/prefix_override:/usr/lib/python3/dist-packages/colcon_core/task/python/colcon_distutils_commands:/root/ros2_offboard/install/offboard_control/lib/python3.10/site-packages:${PYTHONPATH} /usr/bin/python3 -W ignore:setup.py install is deprecated -W ignore:easy_install command is deprecated setup.py develop --editable --build-directory /root/ros2_offboard/build/offboard_control/build --no-deps symlink_data
[1.342s] INFO:colcon.colcon_core.shell:Creating environment descriptor '/root/ros2_offboard/build/offboard_control/share/offboard_control/hook/pythonpath_develop.dsv'
[1.343s] INFO:colcon.colcon_core.shell:Creating environment hook '/root/ros2_offboard/build/offboard_control/share/offboard_control/hook/pythonpath_develop.sh'
[1.351s] Level 1:colcon.colcon_core.environment:checking '/root/ros2_offboard/install/offboard_control' for CMake module files
[1.352s] Level 1:colcon.colcon_core.environment:checking '/root/ros2_offboard/install/offboard_control' for CMake config files
[1.355s] Level 1:colcon.colcon_core.environment:checking '/root/ros2_offboard/install/offboard_control/lib'
[1.355s] Level 1:colcon.colcon_core.environment:checking '/root/ros2_offboard/install/offboard_control/bin'
[1.355s] Level 1:colcon.colcon_core.environment:checking '/root/ros2_offboard/install/offboard_control/lib/pkgconfig/offboard_control.pc'
[1.355s] Level 1:colcon.colcon_core.environment:checking '/root/ros2_offboard/install/offboard_control/lib/python3.10/site-packages'
[1.355s] Level 1:colcon.colcon_core.shell:create_environment_hook('offboard_control', 'pythonpath')
[1.355s] INFO:colcon.colcon_core.shell:Creating environment hook '/root/ros2_offboard/install/offboard_control/share/offboard_control/hook/pythonpath.ps1'
[1.356s] INFO:colcon.colcon_core.shell:Creating environment descriptor '/root/ros2_offboard/install/offboard_control/share/offboard_control/hook/pythonpath.dsv'
[1.356s] INFO:colcon.colcon_core.shell:Creating environment hook '/root/ros2_offboard/install/offboard_control/share/offboard_control/hook/pythonpath.sh'
[1.357s] Level 1:colcon.colcon_core.environment:checking '/root/ros2_offboard/install/offboard_control/bin'
[1.357s] Level 1:colcon.colcon_core.environment:create_environment_scripts_only(offboard_control)
[1.357s] INFO:colcon.colcon_core.shell:Creating package script '/root/ros2_offboard/install/offboard_control/share/offboard_control/package.ps1'
[1.358s] INFO:colcon.colcon_core.shell:Creating package descriptor '/root/ros2_offboard/install/offboard_control/share/offboard_control/package.dsv'
[1.359s] INFO:colcon.colcon_core.shell:Creating package script '/root/ros2_offboard/install/offboard_control/share/offboard_control/package.sh'
[1.359s] INFO:colcon.colcon_core.shell:Creating package script '/root/ros2_offboard/install/offboard_control/share/offboard_control/package.bash'
[1.360s] INFO:colcon.colcon_core.shell:Creating package script '/root/ros2_offboard/install/offboard_control/share/offboard_control/package.zsh'
[1.361s] Level 1:colcon.colcon_core.environment:create_file_with_runtime_dependencies(/root/ros2_offboard/install/offboard_control/share/colcon-core/packages/offboard_control)
[42.349s] DEBUG:colcon.colcon_core.event_handler.log_command:Invoked command in '/root/ros2_offboard/build/px4_msgs' returned '0': CMAKE_PREFIX_PATH=${CMAKE_PREFIX_PATH}:/root/ros2_offboard/install/offboard_control:/root/bridge_ws/install/gz_bridge_utilities:/opt/ros/humble /usr/bin/cmake --build /root/ros2_offboard/build/px4_msgs -- -j12 -l12
[42.357s] DEBUG:colcon.colcon_core.event_handler.log_command:Invoking command in '/root/ros2_offboard/build/px4_msgs': CMAKE_PREFIX_PATH=${CMAKE_PREFIX_PATH}:/root/ros2_offboard/install/offboard_control:/root/bridge_ws/install/gz_bridge_utilities:/opt/ros/humble /usr/bin/cmake --install /root/ros2_offboard/build/px4_msgs
[43.608s] Level 1:colcon.colcon_core.environment:create_environment_scripts_only(px4_msgs)
[43.608s] Level 1:colcon.colcon_core.environment:checking '/root/ros2_offboard/install/px4_msgs' for CMake module files
[43.608s] DEBUG:colcon.colcon_core.event_handler.log_command:Invoked command in '/root/ros2_offboard/build/px4_msgs' returned '0': CMAKE_PREFIX_PATH=${CMAKE_PREFIX_PATH}:/root/ros2_offboard/install/offboard_control:/root/bridge_ws/install/gz_bridge_utilities:/opt/ros/humble /usr/bin/cmake --install /root/ros2_offboard/build/px4_msgs
[43.609s] Level 1:colcon.colcon_core.environment:checking '/root/ros2_offboard/install/px4_msgs' for CMake config files
[43.609s] Level 1:colcon.colcon_core.shell:create_environment_hook('px4_msgs', 'cmake_prefix_path')
[43.609s] INFO:colcon.colcon_core.shell:Creating environment hook '/root/ros2_offboard/install/px4_msgs/share/px4_msgs/hook/cmake_prefix_path.ps1'
[43.610s] INFO:colcon.colcon_core.shell:Creating environment descriptor '/root/ros2_offboard/install/px4_msgs/share/px4_msgs/hook/cmake_prefix_path.dsv'
[43.610s] INFO:colcon.colcon_core.shell:Creating environment hook '/root/ros2_offboard/install/px4_msgs/share/px4_msgs/hook/cmake_prefix_path.sh'
[43.610s] Level 1:colcon.colcon_core.environment:checking '/root/ros2_offboard/install/px4_msgs/lib'
[43.610s] Level 1:colcon.colcon_core.shell:create_environment_hook('px4_msgs', 'ld_library_path_lib')
[43.611s] INFO:colcon.colcon_core.shell:Creating environment hook '/root/ros2_offboard/install/px4_msgs/share/px4_msgs/hook/ld_library_path_lib.ps1'
[43.611s] INFO:colcon.colcon_core.shell:Creating environment descriptor '/root/ros2_offboard/install/px4_msgs/share/px4_msgs/hook/ld_library_path_lib.dsv'
[43.611s] INFO:colcon.colcon_core.shell:Creating environment hook '/root/ros2_offboard/install/px4_msgs/share/px4_msgs/hook/ld_library_path_lib.sh'
[43.611s] Level 1:colcon.colcon_core.environment:checking '/root/ros2_offboard/install/px4_msgs/bin'
[43.611s] Level 1:colcon.colcon_core.environment:checking '/root/ros2_offboard/install/px4_msgs/lib/pkgconfig/px4_msgs.pc'
[43.612s] Level 1:colcon.colcon_core.environment:checking '/root/ros2_offboard/install/px4_msgs/lib/python3.10/site-packages'
[43.612s] Level 1:colcon.colcon_core.environment:checking '/root/ros2_offboard/install/px4_msgs/bin'
[43.612s] INFO:colcon.colcon_core.shell:Creating package script '/root/ros2_offboard/install/px4_msgs/share/px4_msgs/package.ps1'
[43.612s] INFO:colcon.colcon_core.shell:Creating package descriptor '/root/ros2_offboard/install/px4_msgs/share/px4_msgs/package.dsv'
[43.612s] INFO:colcon.colcon_core.shell:Creating package script '/root/ros2_offboard/install/px4_msgs/share/px4_msgs/package.sh'
[43.613s] INFO:colcon.colcon_core.shell:Creating package script '/root/ros2_offboard/install/px4_msgs/share/px4_msgs/package.bash'
[43.613s] INFO:colcon.colcon_core.shell:Creating package script '/root/ros2_offboard/install/px4_msgs/share/px4_msgs/package.zsh'
[43.613s] Level 1:colcon.colcon_core.environment:create_file_with_runtime_dependencies(/root/ros2_offboard/install/px4_msgs/share/colcon-core/packages/px4_msgs)
[43.613s] Level 1:colcon.colcon_core.environment:create_environment_scripts_only(px4_msgs)
[43.613s] Level 1:colcon.colcon_core.environment:checking '/root/ros2_offboard/install/px4_msgs' for CMake module files
[43.614s] Level 1:colcon.colcon_core.environment:checking '/root/ros2_offboard/install/px4_msgs' for CMake config files
[43.614s] Level 1:colcon.colcon_core.shell:create_environment_hook('px4_msgs', 'cmake_prefix_path')
[43.614s] INFO:colcon.colcon_core.shell:Creating environment hook '/root/ros2_offboard/install/px4_msgs/share/px4_msgs/hook/cmake_prefix_path.ps1'
[43.614s] INFO:colcon.colcon_core.shell:Creating environment descriptor '/root/ros2_offboard/install/px4_msgs/share/px4_msgs/hook/cmake_prefix_path.dsv'
[43.614s] INFO:colcon.colcon_core.shell:Creating environment hook '/root/ros2_offboard/install/px4_msgs/share/px4_msgs/hook/cmake_prefix_path.sh'
[43.615s] Level 1:colcon.colcon_core.environment:checking '/root/ros2_offboard/install/px4_msgs/lib'
[43.615s] Level 1:colcon.colcon_core.shell:create_environment_hook('px4_msgs', 'ld_library_path_lib')
[43.615s] INFO:colcon.colcon_core.shell:Creating environment hook '/root/ros2_offboard/install/px4_msgs/share/px4_msgs/hook/ld_library_path_lib.ps1'
[43.615s] INFO:colcon.colcon_core.shell:Creating environment descriptor '/root/ros2_offboard/install/px4_msgs/share/px4_msgs/hook/ld_library_path_lib.dsv'
[43.615s] INFO:colcon.colcon_core.shell:Creating environment hook '/root/ros2_offboard/install/px4_msgs/share/px4_msgs/hook/ld_library_path_lib.sh'
[43.616s] Level 1:colcon.colcon_core.environment:checking '/root/ros2_offboard/install/px4_msgs/bin'
[43.616s] Level 1:colcon.colcon_core.environment:checking '/root/ros2_offboard/install/px4_msgs/lib/pkgconfig/px4_msgs.pc'
[43.616s] Level 1:colcon.colcon_core.environment:checking '/root/ros2_offboard/install/px4_msgs/lib/python3.10/site-packages'
[43.616s] Level 1:colcon.colcon_core.environment:checking '/root/ros2_offboard/install/px4_msgs/bin'
[43.616s] INFO:colcon.colcon_core.shell:Creating package script '/root/ros2_offboard/install/px4_msgs/share/px4_msgs/package.ps1'
[43.616s] INFO:colcon.colcon_core.shell:Creating package descriptor '/root/ros2_offboard/install/px4_msgs/share/px4_msgs/package.dsv'
[43.617s] INFO:colcon.colcon_core.shell:Creating package script '/root/ros2_offboard/install/px4_msgs/share/px4_msgs/package.sh'
[43.617s] INFO:colcon.colcon_core.shell:Creating package script '/root/ros2_offboard/install/px4_msgs/share/px4_msgs/package.bash'
[43.617s] INFO:colcon.colcon_core.shell:Creating package script '/root/ros2_offboard/install/px4_msgs/share/px4_msgs/package.zsh'
[43.617s] Level 1:colcon.colcon_core.environment:create_file_with_runtime_dependencies(/root/ros2_offboard/install/px4_msgs/share/colcon-core/packages/px4_msgs)
[43.618s] DEBUG:colcon.colcon_parallel_executor.executor.parallel:closing loop
[43.618s] DEBUG:colcon.colcon_parallel_executor.executor.parallel:loop closed
[43.618s] DEBUG:colcon.colcon_parallel_executor.executor.parallel:run_until_complete finished with '0'
[43.618s] DEBUG:colcon.colcon_core.event_reactor:joining thread
[43.637s] INFO:colcon.colcon_core.plugin_system:Skipping extension 'colcon_notification.desktop_notification.notify_send': Could not find 'notify-send'
[43.637s] INFO:colcon.colcon_core.plugin_system:Skipping extension 'colcon_notification.desktop_notification.terminal_notifier': Not used on non-Darwin systems
[43.637s] INFO:colcon.colcon_core.plugin_system:Skipping extension 'colcon_notification.desktop_notification.win32': Not used on non-Windows systems
[43.637s] INFO:colcon.colcon_notification.desktop_notification:Sending desktop notification using 'notify2'
[43.640s] DEBUG:colcon.colcon_notification.desktop_notification.notify2:Failed to initialize notify2: org.freedesktop.DBus.Error.Spawn.ExecFailed: /usr/bin/dbus-launch terminated abnormally without any error message
[43.640s] DEBUG:colcon.colcon_core.event_reactor:joined thread
[43.641s] INFO:colcon.colcon_core.shell:Creating prefix script '/root/ros2_offboard/install/local_setup.ps1'
[43.642s] INFO:colcon.colcon_core.shell:Creating prefix util module '/root/ros2_offboard/install/_local_setup_util_ps1.py'
[43.644s] INFO:colcon.colcon_core.shell:Creating prefix chain script '/root/ros2_offboard/install/setup.ps1'
[43.645s] INFO:colcon.colcon_core.shell:Creating prefix script '/root/ros2_offboard/install/local_setup.sh'
[43.646s] INFO:colcon.colcon_core.shell:Creating prefix util module '/root/ros2_offboard/install/_local_setup_util_sh.py'
[43.646s] INFO:colcon.colcon_core.shell:Creating prefix chain script '/root/ros2_offboard/install/setup.sh'
[43.647s] INFO:colcon.colcon_core.shell:Creating prefix script '/root/ros2_offboard/install/local_setup.bash'
[43.648s] INFO:colcon.colcon_core.shell:Creating prefix chain script '/root/ros2_offboard/install/setup.bash'
[43.649s] INFO:colcon.colcon_core.shell:Creating prefix script '/root/ros2_offboard/install/local_setup.zsh'
[43.650s] INFO:colcon.colcon_core.shell:Creating prefix chain script '/root/ros2_offboard/install/setup.zsh'
