running develop
running egg_info
creating offboard_control.egg-info
writing offboard_control.egg-info/PKG-INFO
writing dependency_links to offboard_control.egg-info/dependency_links.txt
writing entry points to offboard_control.egg-info/entry_points.txt
writing requirements to offboard_control.egg-info/requires.txt
writing top-level names to offboard_control.egg-info/top_level.txt
writing manifest file 'offboard_control.egg-info/SOURCES.txt'
reading manifest file 'offboard_control.egg-info/SOURCES.txt'
writing manifest file 'offboard_control.egg-info/SOURCES.txt'
running build_ext
Creating /root/ros2_offboard/install/offboard_control/lib/python3.10/site-packages/offboard-control.egg-link (link to .)
Installing obstacle_avoidance script to /root/ros2_offboard/install/offboard_control/lib/offboard_control

Installed /root/ros2_offboard/build/offboard_control
running symlink_data
creating /root/ros2_offboard/install/offboard_control/share/ament_index
creating /root/ros2_offboard/install/offboard_control/share/ament_index/resource_index
creating /root/ros2_offboard/install/offboard_control/share/ament_index/resource_index/packages
symbolically linking /root/ros2_offboard/build/offboard_control/resource/offboard_control -> /root/ros2_offboard/install/offboard_control/share/ament_index/resource_index/packages
symbolically linking /root/ros2_offboard/build/offboard_control/package.xml -> /root/ros2_offboard/install/offboard_control/share/offboard_control
creating /root/ros2_offboard/install/offboard_control/share/offboard_control/launch
symbolically linking /root/ros2_offboard/build/offboard_control/launch/octomap_server.launch.py -> /root/ros2_offboard/install/offboard_control/share/offboard_control/launch
