[0.424s] Invoking command in '/root/ros2_offboard/build/offboard_control': PYTHONPATH=/root/ros2_offboard/build/offboard_control/prefix_override:/usr/lib/python3/dist-packages/colcon_core/task/python/colcon_distutils_commands:/root/ros2_offboard/install/offboard_control/lib/python3.10/site-packages:${PYTHONPATH} /usr/bin/python3 -W ignore:setup.py install is deprecated -W ignore:easy_install command is deprecated setup.py develop --editable --build-directory /root/ros2_offboard/build/offboard_control/build --no-deps symlink_data
[0.600s] running develop
[0.686s] running egg_info
[0.686s] creating offboard_control.egg-info
[0.692s] writing offboard_control.egg-info/PKG-INFO
[0.692s] writing dependency_links to offboard_control.egg-info/dependency_links.txt
[0.693s] writing entry points to offboard_control.egg-info/entry_points.txt
[0.693s] writing requirements to offboard_control.egg-info/requires.txt
[0.693s] writing top-level names to offboard_control.egg-info/top_level.txt
[0.693s] writing manifest file 'offboard_control.egg-info/SOURCES.txt'
[0.706s] reading manifest file 'offboard_control.egg-info/SOURCES.txt'
[0.707s] writing manifest file 'offboard_control.egg-info/SOURCES.txt'
[0.714s] running build_ext
[0.714s] Creating /root/ros2_offboard/install/offboard_control/lib/python3.10/site-packages/offboard-control.egg-link (link to .)
[0.715s] Installing obstacle_avoidance script to /root/ros2_offboard/install/offboard_control/lib/offboard_control
[0.715s] 
[0.715s] Installed /root/ros2_offboard/build/offboard_control
[0.715s] running symlink_data
[0.715s] creating /root/ros2_offboard/install/offboard_control/share/ament_index
[0.715s] creating /root/ros2_offboard/install/offboard_control/share/ament_index/resource_index
[0.715s] creating /root/ros2_offboard/install/offboard_control/share/ament_index/resource_index/packages
[0.715s] symbolically linking /root/ros2_offboard/build/offboard_control/resource/offboard_control -> /root/ros2_offboard/install/offboard_control/share/ament_index/resource_index/packages
[0.716s] symbolically linking /root/ros2_offboard/build/offboard_control/package.xml -> /root/ros2_offboard/install/offboard_control/share/offboard_control
[0.716s] creating /root/ros2_offboard/install/offboard_control/share/offboard_control/launch
[0.716s] symbolically linking /root/ros2_offboard/build/offboard_control/launch/octomap_server.launch.py -> /root/ros2_offboard/install/offboard_control/share/offboard_control/launch
[0.740s] Invoked command in '/root/ros2_offboard/build/offboard_control' returned '0': PYTHONPATH=/root/ros2_offboard/build/offboard_control/prefix_override:/usr/lib/python3/dist-packages/colcon_core/task/python/colcon_distutils_commands:/root/ros2_offboard/install/offboard_control/lib/python3.10/site-packages:${PYTHONPATH} /usr/bin/python3 -W ignore:setup.py install is deprecated -W ignore:easy_install command is deprecated setup.py develop --editable --build-directory /root/ros2_offboard/build/offboard_control/build --no-deps symlink_data
