running develop
running egg_info
creating gz_bridge_utilities.egg-info
writing gz_bridge_utilities.egg-info/PKG-INFO
writing dependency_links to gz_bridge_utilities.egg-info/dependency_links.txt
writing requirements to gz_bridge_utilities.egg-info/requires.txt
writing top-level names to gz_bridge_utilities.egg-info/top_level.txt
writing manifest file 'gz_bridge_utilities.egg-info/SOURCES.txt'
reading manifest file 'gz_bridge_utilities.egg-info/SOURCES.txt'
writing manifest file 'gz_bridge_utilities.egg-info/SOURCES.txt'
running build_ext
Creating /root/bridge_ws/install/gz_bridge_utilities/lib/python3.10/site-packages/gz-bridge-utilities.egg-link (link to .)

Installed /root/bridge_ws/build/gz_bridge_utilities
running symlink_data
creating /root/bridge_ws/install/gz_bridge_utilities/share/ament_index
creating /root/bridge_ws/install/gz_bridge_utilities/share/ament_index/resource_index
creating /root/bridge_ws/install/gz_bridge_utilities/share/ament_index/resource_index/packages
symbolically linking /root/bridge_ws/build/gz_bridge_utilities/resource/gz_bridge_utilities -> /root/bridge_ws/install/gz_bridge_utilities/share/ament_index/resource_index/packages
symbolically linking /root/bridge_ws/build/gz_bridge_utilities/package.xml -> /root/bridge_ws/install/gz_bridge_utilities/share/gz_bridge_utilities
creating /root/bridge_ws/install/gz_bridge_utilities/share/gz_bridge_utilities/launch
symbolically linking /root/bridge_ws/build/gz_bridge_utilities/launch/custom_bridge.launch.py -> /root/bridge_ws/install/gz_bridge_utilities/share/gz_bridge_utilities/launch
