[0.000000] (-) TimerEvent: {}
[0.000483] (gz_bridge_utilities) JobQueued: {'identifier': 'gz_bridge_utilities', 'dependencies': OrderedDict()}
[0.000596] (gz_bridge_utilities) JobStarted: {'identifier': 'gz_bridge_utilities'}
[0.099836] (-) TimerEvent: {}
[0.200220] (-) TimerEvent: {}
[0.300469] (-) TimerEvent: {}
[0.400803] (-) TimerEvent: {}
[0.501111] (-) TimerEvent: {}
[0.601403] (-) TimerEvent: {}
[0.643888] (gz_bridge_utilities) Command: {'cmd': ['/usr/bin/python3', '-W', 'ignore:setup.py install is deprecated', '-W', 'ignore:easy_install command is deprecated', 'setup.py', 'develop', '--editable', '--build-directory', '/root/bridge_ws/build/gz_bridge_utilities/build', '--no-deps', 'symlink_data'], 'cwd': '/root/bridge_ws/build/gz_bridge_utilities', 'env': {'HOSTNAME': 'francesco-750XFG', 'SHLVL': '1', 'LD_LIBRARY_PATH': '/opt/ros/humble/opt/rviz_ogre_vendor/lib:/opt/ros/humble/lib/x86_64-linux-gnu:/opt/ros/humble/lib', 'HOME': '/root', 'OLDPWD': '/root', 'ROS_PYTHON_VERSION': '3', 'ROS_DISTRO': 'humble', '_': '/usr/bin/colcon', 'ROS_VERSION': '2', 'TERM': 'xterm', 'ROS_LOCALHOST_ONLY': '0', 'PATH': '/opt/ros/humble/bin:/usr/local/sbin:/usr/local/bin:/usr/sbin:/usr/bin:/sbin:/bin', 'DISPLAY': ':0', 'LANG': 'C.UTF-8', 'XAUTHORITY': '/root/.Xauthority', 'ROS_DOMAIN_ID': '33', 'AMENT_PREFIX_PATH': '/opt/ros/humble', 'DEBIAN_FRONTEND': 'noninteractive', 'PWD': '/root/bridge_ws/build/gz_bridge_utilities', 'LC_ALL': 'C.UTF-8', 'PYTHONPATH': '/root/bridge_ws/build/gz_bridge_utilities/prefix_override:/usr/lib/python3/dist-packages/colcon_core/task/python/colcon_distutils_commands:/root/bridge_ws/install/gz_bridge_utilities/lib/python3.10/site-packages:/opt/ros/humble/lib/python3.10/site-packages:/opt/ros/humble/local/lib/python3.10/dist-packages', 'COLCON': '1'}, 'shell': False}
[0.701494] (-) TimerEvent: {}
[0.801719] (-) TimerEvent: {}
[0.836018] (gz_bridge_utilities) StdoutLine: {'line': b'running develop\n'}
[0.901823] (-) TimerEvent: {}
[0.920625] (gz_bridge_utilities) StdoutLine: {'line': b'running egg_info\n'}
[0.920774] (gz_bridge_utilities) StdoutLine: {'line': b'creating gz_bridge_utilities.egg-info\n'}
[0.926811] (gz_bridge_utilities) StdoutLine: {'line': b'writing gz_bridge_utilities.egg-info/PKG-INFO\n'}
[0.927113] (gz_bridge_utilities) StdoutLine: {'line': b'writing dependency_links to gz_bridge_utilities.egg-info/dependency_links.txt\n'}
[0.927305] (gz_bridge_utilities) StdoutLine: {'line': b'writing requirements to gz_bridge_utilities.egg-info/requires.txt\n'}
[0.927427] (gz_bridge_utilities) StdoutLine: {'line': b'writing top-level names to gz_bridge_utilities.egg-info/top_level.txt\n'}
[0.927490] (gz_bridge_utilities) StdoutLine: {'line': b"writing manifest file 'gz_bridge_utilities.egg-info/SOURCES.txt'\n"}
[0.940167] (gz_bridge_utilities) StdoutLine: {'line': b"reading manifest file 'gz_bridge_utilities.egg-info/SOURCES.txt'\n"}
[0.940668] (gz_bridge_utilities) StdoutLine: {'line': b"writing manifest file 'gz_bridge_utilities.egg-info/SOURCES.txt'\n"}
[0.947632] (gz_bridge_utilities) StdoutLine: {'line': b'running build_ext\n'}
[0.947731] (gz_bridge_utilities) StdoutLine: {'line': b'Creating /root/bridge_ws/install/gz_bridge_utilities/lib/python3.10/site-packages/gz-bridge-utilities.egg-link (link to .)\n'}
[0.948209] (gz_bridge_utilities) StdoutLine: {'line': b'\n'}
[0.948298] (gz_bridge_utilities) StdoutLine: {'line': b'Installed /root/bridge_ws/build/gz_bridge_utilities\n'}
[0.948360] (gz_bridge_utilities) StdoutLine: {'line': b'running symlink_data\n'}
[0.948413] (gz_bridge_utilities) StdoutLine: {'line': b'creating /root/bridge_ws/install/gz_bridge_utilities/share/ament_index\n'}
[0.948464] (gz_bridge_utilities) StdoutLine: {'line': b'creating /root/bridge_ws/install/gz_bridge_utilities/share/ament_index/resource_index\n'}
[0.948520] (gz_bridge_utilities) StdoutLine: {'line': b'creating /root/bridge_ws/install/gz_bridge_utilities/share/ament_index/resource_index/packages\n'}
[0.948642] (gz_bridge_utilities) StdoutLine: {'line': b'symbolically linking /root/bridge_ws/build/gz_bridge_utilities/resource/gz_bridge_utilities -> /root/bridge_ws/install/gz_bridge_utilities/share/ament_index/resource_index/packages\n'}
[0.948720] (gz_bridge_utilities) StdoutLine: {'line': b'symbolically linking /root/bridge_ws/build/gz_bridge_utilities/package.xml -> /root/bridge_ws/install/gz_bridge_utilities/share/gz_bridge_utilities\n'}
[0.948775] (gz_bridge_utilities) StdoutLine: {'line': b'creating /root/bridge_ws/install/gz_bridge_utilities/share/gz_bridge_utilities/launch\n'}
[0.948827] (gz_bridge_utilities) StdoutLine: {'line': b'symbolically linking /root/bridge_ws/build/gz_bridge_utilities/launch/custom_bridge.launch.py -> /root/bridge_ws/install/gz_bridge_utilities/share/gz_bridge_utilities/launch\n'}
[0.970924] (gz_bridge_utilities) CommandEnded: {'returncode': 0}
[0.977994] (gz_bridge_utilities) JobEnded: {'identifier': 'gz_bridge_utilities', 'rc': 0}
[0.978486] (-) EventReactorShutdown: {}
