[0.075s] DEBUG:colcon:Command line arguments: ['/usr/bin/colcon', 'build', '--symlink-install']
[0.075s] DEBUG:colcon:Parsed command line arguments: Namespace(log_base=None, log_level=None, verb_name='build', build_base='build', install_base='install', merge_install=False, symlink_install=True, test_result_base=None, continue_on_error=False, executor='parallel', parallel_workers=12, event_handlers=None, ignore_user_meta=False, metas=['./colcon.meta'], base_paths=['.'], packages_ignore=None, packages_ignore_regex=None, paths=None, packages_up_to=None, packages_up_to_regex=None, packages_above=None, packages_above_and_dependencies=None, packages_above_depth=None, packages_select_by_dep=None, packages_skip_by_dep=None, packages_skip_up_to=None, packages_select_build_failed=False, packages_skip_build_finished=False, packages_select_test_failures=False, packages_skip_test_passed=False, packages_select=None, packages_skip=None, packages_select_regex=None, packages_skip_regex=None, packages_start=None, packages_end=None, cmake_args=None, cmake_target=None, cmake_target_skip_unavailable=False, cmake_clean_cache=False, cmake_clean_first=False, cmake_force_configure=False, ament_cmake_args=None, catkin_cmake_args=None, catkin_skip_building_tests=False, mixin_files=None, mixin=None, verb_parser=<colcon_mixin.mixin.mixin_argument.MixinArgumentDecorator object at 0x77e1770a0400>, verb_extension=<colcon_core.verb.build.BuildVerb object at 0x77e17706fa00>, main=<bound method BuildVerb.main of <colcon_core.verb.build.BuildVerb object at 0x77e17706fa00>>, mixin_verb=('build',))
[0.102s] Level 1:colcon.colcon_core.package_discovery:discover_packages(colcon_meta) check parameters
[0.102s] INFO:colcon.colcon_metadata.package_discovery.colcon_meta:Using configuration from '/root/.colcon/metadata/default/Gazebo.meta'
[0.102s] INFO:colcon.colcon_metadata.package_discovery.colcon_meta:Using configuration from '/root/.colcon/metadata/default/fastdds.meta'
[0.103s] INFO:colcon.colcon_metadata.package_discovery.colcon_meta:Using configuration from '/root/.colcon/metadata/default/fastrtps.meta'
[0.103s] Level 1:colcon.colcon_core.package_discovery:discover_packages(recursive) check parameters
[0.103s] Level 1:colcon.colcon_core.package_discovery:discover_packages(ignore) check parameters
[0.103s] Level 1:colcon.colcon_core.package_discovery:discover_packages(path) check parameters
[0.103s] Level 1:colcon.colcon_core.package_discovery:discover_packages(colcon_meta) discover
[0.103s] Level 1:colcon.colcon_core.package_discovery:discover_packages(recursive) discover
[0.103s] INFO:colcon.colcon_core.package_discovery:Crawling recursively for packages in '/root/bridge_ws'
[0.103s] Level 1:colcon.colcon_core.package_identification:_identify(.) by extensions ['ignore', 'ignore_ament_install']
[0.103s] Level 1:colcon.colcon_core.package_identification:_identify(.) by extension 'ignore'
[0.103s] Level 1:colcon.colcon_core.package_identification:_identify(.) by extension 'ignore_ament_install'
[0.103s] Level 1:colcon.colcon_core.package_identification:_identify(.) by extensions ['colcon_pkg']
[0.103s] Level 1:colcon.colcon_core.package_identification:_identify(.) by extension 'colcon_pkg'
[0.103s] Level 1:colcon.colcon_core.package_identification:_identify(.) by extensions ['colcon_meta']
[0.103s] Level 1:colcon.colcon_core.package_identification:_identify(.) by extension 'colcon_meta'
[0.103s] Level 1:colcon.colcon_core.package_identification:_identify(.) by extensions ['ros']
[0.103s] Level 1:colcon.colcon_core.package_identification:_identify(.) by extension 'ros'
[0.114s] Level 1:colcon.colcon_core.package_identification:_identify(.) by extensions ['cmake', 'python']
[0.114s] Level 1:colcon.colcon_core.package_identification:_identify(.) by extension 'cmake'
[0.114s] Level 1:colcon.colcon_core.package_identification:_identify(.) by extension 'python'
[0.114s] Level 1:colcon.colcon_core.package_identification:_identify(.) by extensions ['python_setup_py']
[0.114s] Level 1:colcon.colcon_core.package_identification:_identify(.) by extension 'python_setup_py'
[0.114s] Level 1:colcon.colcon_core.package_identification:_identify(build) by extensions ['ignore', 'ignore_ament_install']
[0.114s] Level 1:colcon.colcon_core.package_identification:_identify(build) by extension 'ignore'
[0.114s] Level 1:colcon.colcon_core.package_identification:_identify(build) ignored
[0.114s] Level 1:colcon.colcon_core.package_identification:_identify(install) by extensions ['ignore', 'ignore_ament_install']
[0.114s] Level 1:colcon.colcon_core.package_identification:_identify(install) by extension 'ignore'
[0.114s] Level 1:colcon.colcon_core.package_identification:_identify(install) ignored
[0.114s] Level 1:colcon.colcon_core.package_identification:_identify(log) by extensions ['ignore', 'ignore_ament_install']
[0.114s] Level 1:colcon.colcon_core.package_identification:_identify(log) by extension 'ignore'
[0.114s] Level 1:colcon.colcon_core.package_identification:_identify(log) ignored
[0.116s] Level 1:colcon.colcon_core.package_identification:_identify(src) by extensions ['ignore', 'ignore_ament_install']
[0.116s] Level 1:colcon.colcon_core.package_identification:_identify(src) by extension 'ignore'
[0.116s] Level 1:colcon.colcon_core.package_identification:_identify(src) by extension 'ignore_ament_install'
[0.116s] Level 1:colcon.colcon_core.package_identification:_identify(src) by extensions ['colcon_pkg']
[0.116s] Level 1:colcon.colcon_core.package_identification:_identify(src) by extension 'colcon_pkg'
[0.116s] Level 1:colcon.colcon_core.package_identification:_identify(src) by extensions ['colcon_meta']
[0.116s] Level 1:colcon.colcon_core.package_identification:_identify(src) by extension 'colcon_meta'
[0.116s] Level 1:colcon.colcon_core.package_identification:_identify(src) by extensions ['ros']
[0.116s] Level 1:colcon.colcon_core.package_identification:_identify(src) by extension 'ros'
[0.116s] Level 1:colcon.colcon_core.package_identification:_identify(src) by extensions ['cmake', 'python']
[0.116s] Level 1:colcon.colcon_core.package_identification:_identify(src) by extension 'cmake'
[0.116s] Level 1:colcon.colcon_core.package_identification:_identify(src) by extension 'python'
[0.116s] Level 1:colcon.colcon_core.package_identification:_identify(src) by extensions ['python_setup_py']
[0.116s] Level 1:colcon.colcon_core.package_identification:_identify(src) by extension 'python_setup_py'
[0.117s] Level 1:colcon.colcon_core.package_identification:_identify(src/gz_bridge_utilities) by extensions ['ignore', 'ignore_ament_install']
[0.117s] Level 1:colcon.colcon_core.package_identification:_identify(src/gz_bridge_utilities) by extension 'ignore'
[0.117s] Level 1:colcon.colcon_core.package_identification:_identify(src/gz_bridge_utilities) by extension 'ignore_ament_install'
[0.117s] Level 1:colcon.colcon_core.package_identification:_identify(src/gz_bridge_utilities) by extensions ['colcon_pkg']
[0.117s] Level 1:colcon.colcon_core.package_identification:_identify(src/gz_bridge_utilities) by extension 'colcon_pkg'
[0.117s] Level 1:colcon.colcon_core.package_identification:_identify(src/gz_bridge_utilities) by extensions ['colcon_meta']
[0.117s] Level 1:colcon.colcon_core.package_identification:_identify(src/gz_bridge_utilities) by extension 'colcon_meta'
[0.117s] Level 1:colcon.colcon_core.package_identification:_identify(src/gz_bridge_utilities) by extensions ['ros']
[0.117s] Level 1:colcon.colcon_core.package_identification:_identify(src/gz_bridge_utilities) by extension 'ros'
[0.120s] DEBUG:colcon.colcon_core.package_identification:Package 'src/gz_bridge_utilities' with type 'ros.ament_python' and name 'gz_bridge_utilities'
[0.120s] Level 1:colcon.colcon_core.package_discovery:discover_packages(recursive) using defaults
[0.120s] Level 1:colcon.colcon_core.package_discovery:discover_packages(ignore) discover
[0.120s] Level 1:colcon.colcon_core.package_discovery:discover_packages(ignore) using defaults
[0.120s] Level 1:colcon.colcon_core.package_discovery:discover_packages(path) discover
[0.120s] Level 1:colcon.colcon_core.package_discovery:discover_packages(path) using defaults
[0.134s] Level 5:colcon.colcon_core.verb:set package 'gz_bridge_utilities' build argument 'cmake_args' from command line to 'None'
[0.134s] Level 5:colcon.colcon_core.verb:set package 'gz_bridge_utilities' build argument 'cmake_target' from command line to 'None'
[0.134s] Level 5:colcon.colcon_core.verb:set package 'gz_bridge_utilities' build argument 'cmake_target_skip_unavailable' from command line to 'False'
[0.134s] Level 5:colcon.colcon_core.verb:set package 'gz_bridge_utilities' build argument 'cmake_clean_cache' from command line to 'False'
[0.134s] Level 5:colcon.colcon_core.verb:set package 'gz_bridge_utilities' build argument 'cmake_clean_first' from command line to 'False'
[0.134s] Level 5:colcon.colcon_core.verb:set package 'gz_bridge_utilities' build argument 'cmake_force_configure' from command line to 'False'
[0.134s] Level 5:colcon.colcon_core.verb:set package 'gz_bridge_utilities' build argument 'ament_cmake_args' from command line to 'None'
[0.134s] Level 5:colcon.colcon_core.verb:set package 'gz_bridge_utilities' build argument 'catkin_cmake_args' from command line to 'None'
[0.134s] Level 5:colcon.colcon_core.verb:set package 'gz_bridge_utilities' build argument 'catkin_skip_building_tests' from command line to 'False'
[0.134s] DEBUG:colcon.colcon_core.verb:Building package 'gz_bridge_utilities' with the following arguments: {'ament_cmake_args': None, 'build_base': '/root/bridge_ws/build/gz_bridge_utilities', 'catkin_cmake_args': None, 'catkin_skip_building_tests': False, 'cmake_args': None, 'cmake_clean_cache': False, 'cmake_clean_first': False, 'cmake_force_configure': False, 'cmake_target': None, 'cmake_target_skip_unavailable': False, 'install_base': '/root/bridge_ws/install/gz_bridge_utilities', 'merge_install': False, 'path': '/root/bridge_ws/src/gz_bridge_utilities', 'symlink_install': True, 'test_result_base': None}
[0.134s] INFO:colcon.colcon_core.executor:Executing jobs using 'parallel' executor
[0.135s] DEBUG:colcon.colcon_parallel_executor.executor.parallel:run_until_complete
[0.136s] INFO:colcon.colcon_ros.task.ament_python.build:Building ROS package in '/root/bridge_ws/src/gz_bridge_utilities' with build type 'ament_python'
[0.136s] Level 1:colcon.colcon_core.shell:create_environment_hook('gz_bridge_utilities', 'ament_prefix_path')
[0.137s] INFO:colcon.colcon_core.plugin_system:Skipping extension 'colcon_core.shell.bat': Not used on non-Windows systems
[0.137s] INFO:colcon.colcon_core.shell:Creating environment hook '/root/bridge_ws/install/gz_bridge_utilities/share/gz_bridge_utilities/hook/ament_prefix_path.ps1'
[0.138s] INFO:colcon.colcon_core.shell:Creating environment descriptor '/root/bridge_ws/install/gz_bridge_utilities/share/gz_bridge_utilities/hook/ament_prefix_path.dsv'
[0.138s] INFO:colcon.colcon_core.shell:Creating environment hook '/root/bridge_ws/install/gz_bridge_utilities/share/gz_bridge_utilities/hook/ament_prefix_path.sh'
[0.139s] INFO:colcon.colcon_core.shell:Skip shell extension 'powershell' for command environment: Not usable outside of PowerShell
[0.139s] DEBUG:colcon.colcon_core.shell:Skip shell extension 'dsv' for command environment
[0.279s] INFO:colcon.colcon_core.task.python.build:Building Python package in '/root/bridge_ws/src/gz_bridge_utilities'
[0.280s] INFO:colcon.colcon_core.shell:Skip shell extension 'powershell' for command environment: Not usable outside of PowerShell
[0.280s] DEBUG:colcon.colcon_core.shell:Skip shell extension 'dsv' for command environment
[0.781s] DEBUG:colcon.colcon_core.event_handler.log_command:Invoking command in '/root/bridge_ws/build/gz_bridge_utilities': PYTHONPATH=/root/bridge_ws/build/gz_bridge_utilities/prefix_override:/usr/lib/python3/dist-packages/colcon_core/task/python/colcon_distutils_commands:/root/bridge_ws/install/gz_bridge_utilities/lib/python3.10/site-packages:${PYTHONPATH} /usr/bin/python3 -W ignore:setup.py install is deprecated -W ignore:easy_install command is deprecated setup.py develop --editable --build-directory /root/bridge_ws/build/gz_bridge_utilities/build --no-deps symlink_data
[1.106s] Level 1:colcon.colcon_core.shell:create_environment_hook('gz_bridge_utilities', 'pythonpath_develop')
[1.106s] INFO:colcon.colcon_core.shell:Creating environment hook '/root/bridge_ws/build/gz_bridge_utilities/share/gz_bridge_utilities/hook/pythonpath_develop.ps1'
[1.107s] DEBUG:colcon.colcon_core.event_handler.log_command:Invoked command in '/root/bridge_ws/build/gz_bridge_utilities' returned '0': PYTHONPATH=/root/bridge_ws/build/gz_bridge_utilities/prefix_override:/usr/lib/python3/dist-packages/colcon_core/task/python/colcon_distutils_commands:/root/bridge_ws/install/gz_bridge_utilities/lib/python3.10/site-packages:${PYTHONPATH} /usr/bin/python3 -W ignore:setup.py install is deprecated -W ignore:easy_install command is deprecated setup.py develop --editable --build-directory /root/bridge_ws/build/gz_bridge_utilities/build --no-deps symlink_data
[1.107s] INFO:colcon.colcon_core.shell:Creating environment descriptor '/root/bridge_ws/build/gz_bridge_utilities/share/gz_bridge_utilities/hook/pythonpath_develop.dsv'
[1.107s] INFO:colcon.colcon_core.shell:Creating environment hook '/root/bridge_ws/build/gz_bridge_utilities/share/gz_bridge_utilities/hook/pythonpath_develop.sh'
[1.109s] Level 1:colcon.colcon_core.environment:checking '/root/bridge_ws/install/gz_bridge_utilities' for CMake module files
[1.109s] Level 1:colcon.colcon_core.environment:checking '/root/bridge_ws/install/gz_bridge_utilities' for CMake config files
[1.110s] Level 1:colcon.colcon_core.environment:checking '/root/bridge_ws/install/gz_bridge_utilities/lib'
[1.110s] Level 1:colcon.colcon_core.environment:checking '/root/bridge_ws/install/gz_bridge_utilities/bin'
[1.110s] Level 1:colcon.colcon_core.environment:checking '/root/bridge_ws/install/gz_bridge_utilities/lib/pkgconfig/gz_bridge_utilities.pc'
[1.110s] Level 1:colcon.colcon_core.environment:checking '/root/bridge_ws/install/gz_bridge_utilities/lib/python3.10/site-packages'
[1.110s] Level 1:colcon.colcon_core.shell:create_environment_hook('gz_bridge_utilities', 'pythonpath')
[1.110s] INFO:colcon.colcon_core.shell:Creating environment hook '/root/bridge_ws/install/gz_bridge_utilities/share/gz_bridge_utilities/hook/pythonpath.ps1'
[1.110s] INFO:colcon.colcon_core.shell:Creating environment descriptor '/root/bridge_ws/install/gz_bridge_utilities/share/gz_bridge_utilities/hook/pythonpath.dsv'
[1.110s] INFO:colcon.colcon_core.shell:Creating environment hook '/root/bridge_ws/install/gz_bridge_utilities/share/gz_bridge_utilities/hook/pythonpath.sh'
[1.111s] Level 1:colcon.colcon_core.environment:checking '/root/bridge_ws/install/gz_bridge_utilities/bin'
[1.111s] Level 1:colcon.colcon_core.environment:create_environment_scripts_only(gz_bridge_utilities)
[1.111s] INFO:colcon.colcon_core.shell:Creating package script '/root/bridge_ws/install/gz_bridge_utilities/share/gz_bridge_utilities/package.ps1'
[1.111s] INFO:colcon.colcon_core.shell:Creating package descriptor '/root/bridge_ws/install/gz_bridge_utilities/share/gz_bridge_utilities/package.dsv'
[1.112s] INFO:colcon.colcon_core.shell:Creating package script '/root/bridge_ws/install/gz_bridge_utilities/share/gz_bridge_utilities/package.sh'
[1.112s] INFO:colcon.colcon_core.shell:Creating package script '/root/bridge_ws/install/gz_bridge_utilities/share/gz_bridge_utilities/package.bash'
[1.113s] INFO:colcon.colcon_core.shell:Creating package script '/root/bridge_ws/install/gz_bridge_utilities/share/gz_bridge_utilities/package.zsh'
[1.113s] Level 1:colcon.colcon_core.environment:create_file_with_runtime_dependencies(/root/bridge_ws/install/gz_bridge_utilities/share/colcon-core/packages/gz_bridge_utilities)
[1.113s] DEBUG:colcon.colcon_parallel_executor.executor.parallel:closing loop
[1.113s] DEBUG:colcon.colcon_parallel_executor.executor.parallel:loop closed
[1.113s] DEBUG:colcon.colcon_parallel_executor.executor.parallel:run_until_complete finished with '0'
[1.114s] DEBUG:colcon.colcon_core.event_reactor:joining thread
[1.117s] INFO:colcon.colcon_core.plugin_system:Skipping extension 'colcon_notification.desktop_notification.notify_send': Could not find 'notify-send'
[1.117s] INFO:colcon.colcon_core.plugin_system:Skipping extension 'colcon_notification.desktop_notification.terminal_notifier': Not used on non-Darwin systems
[1.117s] INFO:colcon.colcon_core.plugin_system:Skipping extension 'colcon_notification.desktop_notification.win32': Not used on non-Windows systems
[1.117s] INFO:colcon.colcon_notification.desktop_notification:Sending desktop notification using 'notify2'
[1.119s] DEBUG:colcon.colcon_notification.desktop_notification.notify2:Failed to initialize notify2: org.freedesktop.DBus.Error.Spawn.ExecFailed: /usr/bin/dbus-launch terminated abnormally without any error message
[1.119s] DEBUG:colcon.colcon_core.event_reactor:joined thread
[1.120s] INFO:colcon.colcon_core.shell:Creating prefix script '/root/bridge_ws/install/local_setup.ps1'
[1.121s] INFO:colcon.colcon_core.shell:Creating prefix util module '/root/bridge_ws/install/_local_setup_util_ps1.py'
[1.121s] INFO:colcon.colcon_core.shell:Creating prefix chain script '/root/bridge_ws/install/setup.ps1'
[1.122s] INFO:colcon.colcon_core.shell:Creating prefix script '/root/bridge_ws/install/local_setup.sh'
[1.122s] INFO:colcon.colcon_core.shell:Creating prefix util module '/root/bridge_ws/install/_local_setup_util_sh.py'
[1.123s] INFO:colcon.colcon_core.shell:Creating prefix chain script '/root/bridge_ws/install/setup.sh'
[1.123s] INFO:colcon.colcon_core.shell:Creating prefix script '/root/bridge_ws/install/local_setup.bash'
[1.124s] INFO:colcon.colcon_core.shell:Creating prefix chain script '/root/bridge_ws/install/setup.bash'
[1.124s] INFO:colcon.colcon_core.shell:Creating prefix script '/root/bridge_ws/install/local_setup.zsh'
[1.124s] INFO:colcon.colcon_core.shell:Creating prefix chain script '/root/bridge_ws/install/setup.zsh'
